<?xml version="1.0" encoding="UTF-8"?>
<robot generator="Robot 3.2.2 (Python 3.6.8 on linux)" generated="20200908 04:17:56.501" rpa="false">
<suite id="s1" name="Storagerobottest" source="/opt/robot/storage/storagerobottest.robot">
<test id="s1-t1" name="testcase1">
<kw name="print files">
<arguments>
<arg>/etc/ansible/playbook/Storage/Fabric_switches.yml</arg>
</arguments>
<kw name="Log To Console" library="BuiltIn">
<doc>Logs the given message to the console.</doc>
<arguments>
<arg>${filename}</arg>
</arguments>
<status status="PASS" starttime="20200908 04:17:56.587" endtime="20200908 04:17:56.588"></status>
</kw>
<kw name="Run Process" library="Process">
<doc>Runs a process and waits for it to complete.</doc>
<arguments>
<arg>python3</arg>
<arg>storagerobot.py</arg>
</arguments>
<assign>
<var>${result}</var>
</assign>
<msg timestamp="20200908 04:17:56.589" level="INFO">Starting process:
python3 storagerobot.py</msg>
<msg timestamp="20200908 04:17:56.592" level="INFO">Waiting for process to complete.</msg>
<msg timestamp="20200908 04:17:59.651" level="INFO">Process completed.</msg>
<msg timestamp="20200908 04:17:59.651" level="INFO">${result} = &lt;result object with rc 0&gt;</msg>
<status status="PASS" starttime="20200908 04:17:56.588" endtime="20200908 04:17:59.652"></status>
</kw>
<kw name="Should Contain" library="BuiltIn">
<doc>Fails if ``container`` does not contain ``item`` one or more times.</doc>
<arguments>
<arg>${result.stdout}</arg>
<arg>${filename}</arg>
<arg>msg=Contain Syntax error</arg>
</arguments>
<assign>
<var>${a}</var>
</assign>
<msg timestamp="20200908 04:17:59.653" level="FAIL">Contain Syntax error: '[]' does not contain '/etc/ansible/playbook/Storage/Fabric_switches.yml'</msg>
<status status="FAIL" starttime="20200908 04:17:59.652" endtime="20200908 04:17:59.653"></status>
</kw>
<status status="FAIL" starttime="20200908 04:17:56.587" endtime="20200908 04:17:59.654"></status>
</kw>
<status status="FAIL" starttime="20200908 04:17:56.586" endtime="20200908 04:17:59.654" critical="yes">Contain Syntax error: '[]' does not contain '/etc/ansible/playbook/Storage/Fabric_switches.yml'</status>
</test>
<test id="s1-t2" name="testcase1">
<kw name="print files">
<arguments>
<arg>/etc/ansible/playbook/Storage/Netapp_Health.yml</arg>
</arguments>
<kw name="Log To Console" library="BuiltIn">
<doc>Logs the given message to the console.</doc>
<arguments>
<arg>${filename}</arg>
</arguments>
<status status="PASS" starttime="20200908 04:17:59.656" endtime="20200908 04:17:59.657"></status>
</kw>
<kw name="Run Process" library="Process">
<doc>Runs a process and waits for it to complete.</doc>
<arguments>
<arg>python3</arg>
<arg>storagerobot.py</arg>
</arguments>
<assign>
<var>${result}</var>
</assign>
<msg timestamp="20200908 04:17:59.658" level="INFO">Starting process:
python3 storagerobot.py</msg>
<msg timestamp="20200908 04:17:59.661" level="INFO">Waiting for process to complete.</msg>
<msg timestamp="20200908 04:18:02.892" level="INFO">Process completed.</msg>
<msg timestamp="20200908 04:18:02.892" level="INFO">${result} = &lt;result object with rc 0&gt;</msg>
<status status="PASS" starttime="20200908 04:17:59.657" endtime="20200908 04:18:02.893"></status>
</kw>
<kw name="Should Contain" library="BuiltIn">
<doc>Fails if ``container`` does not contain ``item`` one or more times.</doc>
<arguments>
<arg>${result.stdout}</arg>
<arg>${filename}</arg>
<arg>msg=Contain Syntax error</arg>
</arguments>
<assign>
<var>${a}</var>
</assign>
<msg timestamp="20200908 04:18:02.895" level="FAIL">Contain Syntax error: '[]' does not contain '/etc/ansible/playbook/Storage/Netapp_Health.yml'</msg>
<status status="FAIL" starttime="20200908 04:18:02.893" endtime="20200908 04:18:02.895"></status>
</kw>
<status status="FAIL" starttime="20200908 04:17:59.656" endtime="20200908 04:18:02.896"></status>
</kw>
<status status="FAIL" starttime="20200908 04:17:59.655" endtime="20200908 04:18:02.897" critical="yes">Contain Syntax error: '[]' does not contain '/etc/ansible/playbook/Storage/Netapp_Health.yml'</status>
</test>
<test id="s1-t3" name="testcase1">
<kw name="print files">
<arguments>
<arg>/etc/ansible/playbook/Storage/PureStorage_Health.yml</arg>
</arguments>
<kw name="Log To Console" library="BuiltIn">
<doc>Logs the given message to the console.</doc>
<arguments>
<arg>${filename}</arg>
</arguments>
<status status="PASS" starttime="20200908 04:18:02.901" endtime="20200908 04:18:02.903"></status>
</kw>
<kw name="Run Process" library="Process">
<doc>Runs a process and waits for it to complete.</doc>
<arguments>
<arg>python3</arg>
<arg>storagerobot.py</arg>
</arguments>
<assign>
<var>${result}</var>
</assign>
<msg timestamp="20200908 04:18:02.904" level="INFO">Starting process:
python3 storagerobot.py</msg>
<msg timestamp="20200908 04:18:02.910" level="INFO">Waiting for process to complete.</msg>
<msg timestamp="20200908 04:18:06.267" level="INFO">Process completed.</msg>
<msg timestamp="20200908 04:18:06.268" level="INFO">${result} = &lt;result object with rc 0&gt;</msg>
<status status="PASS" starttime="20200908 04:18:02.903" endtime="20200908 04:18:06.268"></status>
</kw>
<kw name="Should Contain" library="BuiltIn">
<doc>Fails if ``container`` does not contain ``item`` one or more times.</doc>
<arguments>
<arg>${result.stdout}</arg>
<arg>${filename}</arg>
<arg>msg=Contain Syntax error</arg>
</arguments>
<assign>
<var>${a}</var>
</assign>
<msg timestamp="20200908 04:18:06.270" level="FAIL">Contain Syntax error: '[]' does not contain '/etc/ansible/playbook/Storage/PureStorage_Health.yml'</msg>
<status status="FAIL" starttime="20200908 04:18:06.269" endtime="20200908 04:18:06.271"></status>
</kw>
<status status="FAIL" starttime="20200908 04:18:02.899" endtime="20200908 04:18:06.271"></status>
</kw>
<status status="FAIL" starttime="20200908 04:18:02.898" endtime="20200908 04:18:06.272" critical="yes">Contain Syntax error: '[]' does not contain '/etc/ansible/playbook/Storage/PureStorage_Health.yml'</status>
</test>
<test id="s1-t4" name="testcase1">
<kw name="print files">
<arguments>
<arg>/etc/ansible/playbook/Storage/sandeep.yml</arg>
</arguments>
<kw name="Log To Console" library="BuiltIn">
<doc>Logs the given message to the console.</doc>
<arguments>
<arg>${filename}</arg>
</arguments>
<status status="PASS" starttime="20200908 04:18:06.274" endtime="20200908 04:18:06.275"></status>
</kw>
<kw name="Run Process" library="Process">
<doc>Runs a process and waits for it to complete.</doc>
<arguments>
<arg>python3</arg>
<arg>storagerobot.py</arg>
</arguments>
<assign>
<var>${result}</var>
</assign>
<msg timestamp="20200908 04:18:06.276" level="INFO">Starting process:
python3 storagerobot.py</msg>
<msg timestamp="20200908 04:18:06.282" level="INFO">Waiting for process to complete.</msg>
<msg timestamp="20200908 04:18:09.288" level="INFO">Process completed.</msg>
<msg timestamp="20200908 04:18:09.288" level="INFO">${result} = &lt;result object with rc 0&gt;</msg>
<status status="PASS" starttime="20200908 04:18:06.275" endtime="20200908 04:18:09.289"></status>
</kw>
<kw name="Should Contain" library="BuiltIn">
<doc>Fails if ``container`` does not contain ``item`` one or more times.</doc>
<arguments>
<arg>${result.stdout}</arg>
<arg>${filename}</arg>
<arg>msg=Contain Syntax error</arg>
</arguments>
<assign>
<var>${a}</var>
</assign>
<msg timestamp="20200908 04:18:09.291" level="FAIL">Contain Syntax error: '[]' does not contain '/etc/ansible/playbook/Storage/sandeep.yml'</msg>
<status status="FAIL" starttime="20200908 04:18:09.289" endtime="20200908 04:18:09.291"></status>
</kw>
<status status="FAIL" starttime="20200908 04:18:06.274" endtime="20200908 04:18:09.291"></status>
</kw>
<status status="FAIL" starttime="20200908 04:18:06.273" endtime="20200908 04:18:09.292" critical="yes">Contain Syntax error: '[]' does not contain '/etc/ansible/playbook/Storage/sandeep.yml'</status>
</test>
<status status="FAIL" starttime="20200908 04:17:56.503" endtime="20200908 04:18:09.294"></status>
</suite>
<statistics>
<total>
<stat pass="0" fail="4">Critical Tests</stat>
<stat pass="0" fail="4">All Tests</stat>
</total>
<tag>
</tag>
<suite>
<stat pass="0" fail="4" id="s1" name="Storagerobottest">Storagerobottest</stat>
</suite>
</statistics>
<errors>
<msg timestamp="20200908 04:17:59.655" level="WARN">Multiple test cases with name 'testcase1' executed in test suite 'Storagerobottest'.</msg>
<msg timestamp="20200908 04:18:02.898" level="WARN">Multiple test cases with name 'testcase1' executed in test suite 'Storagerobottest'.</msg>
<msg timestamp="20200908 04:18:06.272" level="WARN">Multiple test cases with name 'testcase1' executed in test suite 'Storagerobottest'.</msg>
</errors>
</robot>
