<?xml version="1.0" encoding="UTF-8"?>
<robot generator="Robot 3.2.2 (Python 3.6.8 on linux)" generated="20200908 04:45:08.478" rpa="false">
<suite id="s1" name="Vmrobottest" source="/opt/robot/vmware/vmrobottest.robot">
<test id="s1-t1" name="testcase1">
<kw name="print files">
<arguments>
<arg>/etc/ansible/playbook/Vmware/Vmtasks.yml</arg>
</arguments>
<kw name="Log To Console" library="BuiltIn">
<doc>Logs the given message to the console.</doc>
<arguments>
<arg>${filename}</arg>
</arguments>
<status status="PASS" starttime="20200908 04:45:08.555" endtime="20200908 04:45:08.555"></status>
</kw>
<kw name="Run Process" library="Process">
<doc>Runs a process and waits for it to complete.</doc>
<arguments>
<arg>python3</arg>
<arg>vmrobot.py</arg>
</arguments>
<assign>
<var>${result}</var>
</assign>
<msg timestamp="20200908 04:45:08.556" level="INFO">Starting process:
python3 vmrobot.py</msg>
<msg timestamp="20200908 04:45:08.561" level="INFO">Waiting for process to complete.</msg>
<msg timestamp="20200908 04:45:10.670" level="INFO">Process completed.</msg>
<msg timestamp="20200908 04:45:10.670" level="INFO">${result} = &lt;result object with rc 0&gt;</msg>
<status status="PASS" starttime="20200908 04:45:08.556" endtime="20200908 04:45:10.670"></status>
</kw>
<kw name="Should Contain" library="BuiltIn">
<doc>Fails if ``container`` does not contain ``item`` one or more times.</doc>
<arguments>
<arg>${result.stdout}</arg>
<arg>${filename}</arg>
<arg>msg=Contain Syntax error</arg>
</arguments>
<assign>
<var>${a}</var>
</assign>
<msg timestamp="20200908 04:45:10.672" level="FAIL">Contain Syntax error: '[]' does not contain '/etc/ansible/playbook/Vmware/Vmtasks.yml'</msg>
<status status="FAIL" starttime="20200908 04:45:10.671" endtime="20200908 04:45:10.672"></status>
</kw>
<status status="FAIL" starttime="20200908 04:45:08.554" endtime="20200908 04:45:10.673"></status>
</kw>
<status status="FAIL" starttime="20200908 04:45:08.554" endtime="20200908 04:45:10.673" critical="yes">Contain Syntax error: '[]' does not contain '/etc/ansible/playbook/Vmware/Vmtasks.yml'</status>
</test>
<test id="s1-t2" name="testcase1">
<kw name="print files">
<arguments>
<arg>/etc/ansible/playbook/Vmware/vmware.yml</arg>
</arguments>
<kw name="Log To Console" library="BuiltIn">
<doc>Logs the given message to the console.</doc>
<arguments>
<arg>${filename}</arg>
</arguments>
<status status="PASS" starttime="20200908 04:45:10.675" endtime="20200908 04:45:10.675"></status>
</kw>
<kw name="Run Process" library="Process">
<doc>Runs a process and waits for it to complete.</doc>
<arguments>
<arg>python3</arg>
<arg>vmrobot.py</arg>
</arguments>
<assign>
<var>${result}</var>
</assign>
<msg timestamp="20200908 04:45:10.676" level="INFO">Starting process:
python3 vmrobot.py</msg>
<msg timestamp="20200908 04:45:10.679" level="INFO">Waiting for process to complete.</msg>
<msg timestamp="20200908 04:45:12.972" level="INFO">Process completed.</msg>
<msg timestamp="20200908 04:45:12.973" level="INFO">${result} = &lt;result object with rc 0&gt;</msg>
<status status="PASS" starttime="20200908 04:45:10.676" endtime="20200908 04:45:12.973"></status>
</kw>
<kw name="Should Contain" library="BuiltIn">
<doc>Fails if ``container`` does not contain ``item`` one or more times.</doc>
<arguments>
<arg>${result.stdout}</arg>
<arg>${filename}</arg>
<arg>msg=Contain Syntax error</arg>
</arguments>
<assign>
<var>${a}</var>
</assign>
<msg timestamp="20200908 04:45:12.974" level="FAIL">Contain Syntax error: '[]' does not contain '/etc/ansible/playbook/Vmware/vmware.yml'</msg>
<status status="FAIL" starttime="20200908 04:45:12.973" endtime="20200908 04:45:12.974"></status>
</kw>
<status status="FAIL" starttime="20200908 04:45:10.674" endtime="20200908 04:45:12.975"></status>
</kw>
<status status="FAIL" starttime="20200908 04:45:10.674" endtime="20200908 04:45:12.975" critical="yes">Contain Syntax error: '[]' does not contain '/etc/ansible/playbook/Vmware/vmware.yml'</status>
</test>
<status status="FAIL" starttime="20200908 04:45:08.480" endtime="20200908 04:45:12.976"></status>
</suite>
<statistics>
<total>
<stat pass="0" fail="2">Critical Tests</stat>
<stat pass="0" fail="2">All Tests</stat>
</total>
<tag>
</tag>
<suite>
<stat pass="0" fail="2" id="s1" name="Vmrobottest">Vmrobottest</stat>
</suite>
</statistics>
<errors>
<msg timestamp="20200908 04:45:10.674" level="WARN">Multiple test cases with name 'testcase1' executed in test suite 'Vmrobottest'.</msg>
</errors>
</robot>
