<?xml version="1.0" encoding="UTF-8"?>
<robot generator="Robot 3.2.2 (Python 3.6.8 on linux)" generated="20200908 04:32:52.825" rpa="false">
<suite id="s1" name="Netlanrobottest" source="/opt/robot/network-lan/netlanrobottest.robot">
<test id="s1-t1" name="testcase1">
<kw name="print files">
<arguments>
<arg>/etc/ansible/playbook/Network-LAN/AWXservice.yml</arg>
</arguments>
<kw name="Log To Console" library="BuiltIn">
<doc>Logs the given message to the console.</doc>
<arguments>
<arg>${filename}</arg>
</arguments>
<status status="PASS" starttime="20200908 04:32:52.936" endtime="20200908 04:32:52.937"></status>
</kw>
<kw name="Run Process" library="Process">
<doc>Runs a process and waits for it to complete.</doc>
<arguments>
<arg>python3</arg>
<arg>netlanrobot.py</arg>
</arguments>
<assign>
<var>${result}</var>
</assign>
<msg timestamp="20200908 04:32:52.937" level="INFO">Starting process:
python3 netlanrobot.py</msg>
<msg timestamp="20200908 04:32:52.944" level="INFO">Waiting for process to complete.</msg>
<msg timestamp="20200908 04:32:55.527" level="INFO">Process completed.</msg>
<msg timestamp="20200908 04:32:55.528" level="INFO">${result} = &lt;result object with rc 0&gt;</msg>
<status status="PASS" starttime="20200908 04:32:52.937" endtime="20200908 04:32:55.528"></status>
</kw>
<kw name="Should Contain" library="BuiltIn">
<doc>Fails if ``container`` does not contain ``item`` one or more times.</doc>
<arguments>
<arg>${result.stdout}</arg>
<arg>${filename}</arg>
<arg>msg=Contain Syntax error</arg>
</arguments>
<assign>
<var>${a}</var>
</assign>
<msg timestamp="20200908 04:32:55.530" level="INFO">${a} = None</msg>
<status status="PASS" starttime="20200908 04:32:55.529" endtime="20200908 04:32:55.530"></status>
</kw>
<kw name="Log To Console" library="BuiltIn">
<doc>Logs the given message to the console.</doc>
<arguments>
<arg>${a}</arg>
</arguments>
<status status="PASS" starttime="20200908 04:32:55.531" endtime="20200908 04:32:55.531"></status>
</kw>
<status status="PASS" starttime="20200908 04:32:52.935" endtime="20200908 04:32:55.532"></status>
</kw>
<status status="PASS" starttime="20200908 04:32:52.934" endtime="20200908 04:32:55.532" critical="yes"></status>
</test>
<test id="s1-t2" name="testcase1">
<kw name="print files">
<arguments>
<arg>/etc/ansible/playbook/Network-LAN/Networks.yml</arg>
</arguments>
<kw name="Log To Console" library="BuiltIn">
<doc>Logs the given message to the console.</doc>
<arguments>
<arg>${filename}</arg>
</arguments>
<status status="PASS" starttime="20200908 04:32:55.535" endtime="20200908 04:32:55.536"></status>
</kw>
<kw name="Run Process" library="Process">
<doc>Runs a process and waits for it to complete.</doc>
<arguments>
<arg>python3</arg>
<arg>netlanrobot.py</arg>
</arguments>
<assign>
<var>${result}</var>
</assign>
<msg timestamp="20200908 04:32:55.536" level="INFO">Starting process:
python3 netlanrobot.py</msg>
<msg timestamp="20200908 04:32:55.541" level="INFO">Waiting for process to complete.</msg>
<msg timestamp="20200908 04:32:57.805" level="INFO">Process completed.</msg>
<msg timestamp="20200908 04:32:57.806" level="INFO">${result} = &lt;result object with rc 0&gt;</msg>
<status status="PASS" starttime="20200908 04:32:55.536" endtime="20200908 04:32:57.806"></status>
</kw>
<kw name="Should Contain" library="BuiltIn">
<doc>Fails if ``container`` does not contain ``item`` one or more times.</doc>
<arguments>
<arg>${result.stdout}</arg>
<arg>${filename}</arg>
<arg>msg=Contain Syntax error</arg>
</arguments>
<assign>
<var>${a}</var>
</assign>
<msg timestamp="20200908 04:32:57.807" level="INFO">${a} = None</msg>
<status status="PASS" starttime="20200908 04:32:57.806" endtime="20200908 04:32:57.807"></status>
</kw>
<kw name="Log To Console" library="BuiltIn">
<doc>Logs the given message to the console.</doc>
<arguments>
<arg>${a}</arg>
</arguments>
<status status="PASS" starttime="20200908 04:32:57.808" endtime="20200908 04:32:57.808"></status>
</kw>
<status status="PASS" starttime="20200908 04:32:55.534" endtime="20200908 04:32:57.808"></status>
</kw>
<status status="PASS" starttime="20200908 04:32:55.533" endtime="20200908 04:32:57.809" critical="yes"></status>
</test>
<status status="PASS" starttime="20200908 04:32:52.828" endtime="20200908 04:32:57.811"></status>
</suite>
<statistics>
<total>
<stat pass="2" fail="0">Critical Tests</stat>
<stat pass="2" fail="0">All Tests</stat>
</total>
<tag>
</tag>
<suite>
<stat pass="2" fail="0" id="s1" name="Netlanrobottest">Netlanrobottest</stat>
</suite>
</statistics>
<errors>
<msg timestamp="20200908 04:32:55.533" level="WARN">Multiple test cases with name 'testcase1' executed in test suite 'Netlanrobottest'.</msg>
</errors>
</robot>
