<?xml version="1.0" encoding="UTF-8"?>
<robot generator="Robot 3.2.2 (Python 3.6.8 on linux)" generated="20200908 04:36:54.768" rpa="false">
<suite id="s1" name="Netwanrobottest" source="/opt/robot/network-wan/netwanrobottest.robot">
<test id="s1-t1" name="testcase1">
<kw name="print files">
<arguments>
<arg>/etc/ansible/playbook/Network-WAN/Networks.yml</arg>
</arguments>
<kw name="Log To Console" library="BuiltIn">
<doc>Logs the given message to the console.</doc>
<arguments>
<arg>${filename}</arg>
</arguments>
<status status="PASS" starttime="20200908 04:36:54.869" endtime="20200908 04:36:54.870"></status>
</kw>
<kw name="Run Process" library="Process">
<doc>Runs a process and waits for it to complete.</doc>
<arguments>
<arg>python3</arg>
<arg>netwanrobot.py</arg>
</arguments>
<assign>
<var>${result}</var>
</assign>
<msg timestamp="20200908 04:36:54.871" level="INFO">Starting process:
python3 netwanrobot.py</msg>
<msg timestamp="20200908 04:36:54.878" level="INFO">Waiting for process to complete.</msg>
<msg timestamp="20200908 04:36:57.215" level="INFO">Process completed.</msg>
<msg timestamp="20200908 04:36:57.215" level="INFO">${result} = &lt;result object with rc 0&gt;</msg>
<status status="PASS" starttime="20200908 04:36:54.870" endtime="20200908 04:36:57.215"></status>
</kw>
<kw name="Should Contain" library="BuiltIn">
<doc>Fails if ``container`` does not contain ``item`` one or more times.</doc>
<arguments>
<arg>${result.stdout}</arg>
<arg>${filename}</arg>
<arg>msg=Contain Syntax error</arg>
</arguments>
<assign>
<var>${a}</var>
</assign>
<msg timestamp="20200908 04:36:57.217" level="INFO">${a} = None</msg>
<status status="PASS" starttime="20200908 04:36:57.216" endtime="20200908 04:36:57.217"></status>
</kw>
<kw name="Log To Console" library="BuiltIn">
<doc>Logs the given message to the console.</doc>
<arguments>
<arg>${a}</arg>
</arguments>
<status status="PASS" starttime="20200908 04:36:57.217" endtime="20200908 04:36:57.217"></status>
</kw>
<status status="PASS" starttime="20200908 04:36:54.868" endtime="20200908 04:36:57.218"></status>
</kw>
<status status="PASS" starttime="20200908 04:36:54.867" endtime="20200908 04:36:57.218" critical="yes"></status>
</test>
<status status="PASS" starttime="20200908 04:36:54.770" endtime="20200908 04:36:57.219"></status>
</suite>
<statistics>
<total>
<stat pass="1" fail="0">Critical Tests</stat>
<stat pass="1" fail="0">All Tests</stat>
</total>
<tag>
</tag>
<suite>
<stat pass="1" fail="0" id="s1" name="Netwanrobottest">Netwanrobottest</stat>
</suite>
</statistics>
<errors>
</errors>
</robot>
