<?xml version="1.0" encoding="UTF-8"?>
<robot generator="Robot 3.2.2 (Python 3.6.8 on linux)" generated="20200908 04:29:20.794" rpa="false">
<suite id="s1" name="Datarobottest" source="/opt/robot/database/datarobottest.robot">
<test id="s1-t1" name="testcase1">
<kw name="print files">
<arguments>
<arg>/etc/ansible/playbook/Database/createuser.yml</arg>
</arguments>
<kw name="Log To Console" library="BuiltIn">
<doc>Logs the given message to the console.</doc>
<arguments>
<arg>${filename}</arg>
</arguments>
<status status="PASS" starttime="20200908 04:29:20.875" endtime="20200908 04:29:20.875"></status>
</kw>
<kw name="Run Process" library="Process">
<doc>Runs a process and waits for it to complete.</doc>
<arguments>
<arg>python3</arg>
<arg>datarobot.py</arg>
</arguments>
<assign>
<var>${result}</var>
</assign>
<msg timestamp="20200908 04:29:20.876" level="INFO">Starting process:
python3 datarobot.py</msg>
<msg timestamp="20200908 04:29:20.881" level="INFO">Waiting for process to complete.</msg>
<msg timestamp="20200908 04:29:22.728" level="INFO">Process completed.</msg>
<msg timestamp="20200908 04:29:22.728" level="INFO">${result} = &lt;result object with rc 0&gt;</msg>
<status status="PASS" starttime="20200908 04:29:20.875" endtime="20200908 04:29:22.729"></status>
</kw>
<kw name="Should Contain" library="BuiltIn">
<doc>Fails if ``container`` does not contain ``item`` one or more times.</doc>
<arguments>
<arg>${result.stdout}</arg>
<arg>${filename}</arg>
<arg>msg=Contain Syntax error</arg>
</arguments>
<assign>
<var>${a}</var>
</assign>
<msg timestamp="20200908 04:29:22.730" level="FAIL">Contain Syntax error: '[]' does not contain '/etc/ansible/playbook/Database/createuser.yml'</msg>
<status status="FAIL" starttime="20200908 04:29:22.729" endtime="20200908 04:29:22.731"></status>
</kw>
<status status="FAIL" starttime="20200908 04:29:20.874" endtime="20200908 04:29:22.731"></status>
</kw>
<status status="FAIL" starttime="20200908 04:29:20.873" endtime="20200908 04:29:22.731" critical="yes">Contain Syntax error: '[]' does not contain '/etc/ansible/playbook/Database/createuser.yml'</status>
</test>
<test id="s1-t2" name="testcase1">
<kw name="print files">
<arguments>
<arg>/etc/ansible/playbook/Database/database.yml</arg>
</arguments>
<kw name="Log To Console" library="BuiltIn">
<doc>Logs the given message to the console.</doc>
<arguments>
<arg>${filename}</arg>
</arguments>
<status status="PASS" starttime="20200908 04:29:22.734" endtime="20200908 04:29:22.735"></status>
</kw>
<kw name="Run Process" library="Process">
<doc>Runs a process and waits for it to complete.</doc>
<arguments>
<arg>python3</arg>
<arg>datarobot.py</arg>
</arguments>
<assign>
<var>${result}</var>
</assign>
<msg timestamp="20200908 04:29:22.736" level="INFO">Starting process:
python3 datarobot.py</msg>
<msg timestamp="20200908 04:29:22.740" level="INFO">Waiting for process to complete.</msg>
<msg timestamp="20200908 04:29:24.344" level="INFO">Process completed.</msg>
<msg timestamp="20200908 04:29:24.344" level="INFO">${result} = &lt;result object with rc 0&gt;</msg>
<status status="PASS" starttime="20200908 04:29:22.735" endtime="20200908 04:29:24.344"></status>
</kw>
<kw name="Should Contain" library="BuiltIn">
<doc>Fails if ``container`` does not contain ``item`` one or more times.</doc>
<arguments>
<arg>${result.stdout}</arg>
<arg>${filename}</arg>
<arg>msg=Contain Syntax error</arg>
</arguments>
<assign>
<var>${a}</var>
</assign>
<msg timestamp="20200908 04:29:24.346" level="FAIL">Contain Syntax error: '[]' does not contain '/etc/ansible/playbook/Database/database.yml'</msg>
<status status="FAIL" starttime="20200908 04:29:24.345" endtime="20200908 04:29:24.346"></status>
</kw>
<status status="FAIL" starttime="20200908 04:29:22.733" endtime="20200908 04:29:24.347"></status>
</kw>
<status status="FAIL" starttime="20200908 04:29:22.732" endtime="20200908 04:29:24.347" critical="yes">Contain Syntax error: '[]' does not contain '/etc/ansible/playbook/Database/database.yml'</status>
</test>
<status status="FAIL" starttime="20200908 04:29:20.796" endtime="20200908 04:29:24.348"></status>
</suite>
<statistics>
<total>
<stat pass="0" fail="2">Critical Tests</stat>
<stat pass="0" fail="2">All Tests</stat>
</total>
<tag>
</tag>
<suite>
<stat pass="0" fail="2" id="s1" name="Datarobottest">Datarobottest</stat>
</suite>
</statistics>
<errors>
<msg timestamp="20200908 04:29:22.732" level="WARN">Multiple test cases with name 'testcase1' executed in test suite 'Datarobottest'.</msg>
</errors>
</robot>
